[0.031s] Invoking command in '/home/carter/Terra-Trek-Capstone/build/Terratrek_package': /usr/bin/cmake /home/carter/Terra-Trek-Capstone/dev_ws/src/Terratrek_package -DCMAKE_INSTALL_PREFIX=/home/carter/Terra-Trek-Capstone/install/Terratrek_package
[0.720s] -- The C compiler identification is GNU 13.2.0
[2.467s] -- The CXX compiler identification is GNU 13.2.0
[3.910s] -- Detecting C compiler ABI info
[4.386s] -- Detecting C compiler ABI info - done
[4.398s] -- Check for working C compiler: /usr/bin/cc - skipped
[4.399s] -- Detecting C compile features
[4.400s] -- Detecting C compile features - done
[4.656s] -- Detecting CXX compiler ABI info
[5.197s] -- Detecting CXX compiler ABI info - done
[5.210s] -- Check for working CXX compiler: /usr/bin/c++ - skipped
[5.211s] -- Detecting CXX compile features
[5.211s] -- Detecting CXX compile features - done
[8.648s] [31mCMake Error at CMakeLists.txt:9 (find_package):
[8.648s]   By not providing "Findament_cmake.cmake" in CMAKE_MODULE_PATH this project
[8.648s]   has asked CMake to find a package configuration file provided by
[8.648s]   "ament_cmake", but CMake did not find one.
[8.648s] 
[8.649s]   Could not find a package configuration file provided by "ament_cmake" with
[8.649s]   any of the following names:
[8.649s] 
[8.649s]     ament_cmakeConfig.cmake
[8.649s]     ament_cmake-config.cmake
[8.649s] 
[8.650s]   Add the installation prefix of "ament_cmake" to CMAKE_PREFIX_PATH or set
[8.650s]   "ament_cmake_DIR" to a directory containing one of the above files.  If
[8.650s]   "ament_cmake" provides a separate development package or SDK, be sure it
[8.650s]   has been installed.
[8.650s] 
[8.650s] [0m
[8.650s] -- Configuring incomplete, errors occurred!
[8.656s] Invoked command in '/home/carter/Terra-Trek-Capstone/build/Terratrek_package' returned '1': /usr/bin/cmake /home/carter/Terra-Trek-Capstone/dev_ws/src/Terratrek_package -DCMAKE_INSTALL_PREFIX=/home/carter/Terra-Trek-Capstone/install/Terratrek_package
